<?xml version="1.0" encoding="UTF-8"?>
<testsuite name="CrossbodyBagTest" tests="3" skipped="0" failures="0" errors="0" timestamp="2022-09-26T15:52:19" hostname="zoezoe.local" time="0.046">
  <properties/>
  <testcase name="TestToString" classname="CrossbodyBagTest" time="0.037"/>
  <testcase name="TestEnhance" classname="CrossbodyBagTest" time="0.003"/>
  <testcase name="TestGetNumberOfStraps" classname="CrossbodyBagTest" time="0.002"/>
  <system-out><![CDATA[]]></system-out>
  <system-err><![CDATA[]]></system-err>
</testsuite>
